f:\rust_compiler\compilerforrust\compilerforrust\x64\debug\vc142.pdb
f:\rust_compiler\compilerforrust\compilerforrust\x64\debug\vc142.idb
f:\rust_compiler\compilerforrust\compilerforrust\x64\debug\token.obj
f:\rust_compiler\compilerforrust\compilerforrust\x64\debug\parser.obj
f:\rust_compiler\compilerforrust\compilerforrust\x64\debug\node.obj
f:\rust_compiler\compilerforrust\compilerforrust\x64\debug\main.obj
f:\rust_compiler\compilerforrust\compilerforrust\x64\debug\log.obj
f:\rust_compiler\compilerforrust\compilerforrust\x64\debug\lexer.obj
f:\rust_compiler\compilerforrust\compilerforrust\x64\debug\ast.obj
e:\compiler\release\x64\debug\compilerforrust.pdb
f:\rust_compiler\compilerforrust\compilerforrust\x64\debug\compilerforrust.tlog\cl.command.1.tlog
f:\rust_compiler\compilerforrust\compilerforrust\x64\debug\compilerforrust.tlog\cl.read.1.tlog
f:\rust_compiler\compilerforrust\compilerforrust\x64\debug\compilerforrust.tlog\cl.write.1.tlog
f:\rust_compiler\compilerforrust\compilerforrust\x64\debug\compilerforrust.tlog\link-cvtres.read.1.tlog
f:\rust_compiler\compilerforrust\compilerforrust\x64\debug\compilerforrust.tlog\link-cvtres.write.1.tlog
f:\rust_compiler\compilerforrust\compilerforrust\x64\debug\compilerforrust.tlog\link-rc.read.1.tlog
f:\rust_compiler\compilerforrust\compilerforrust\x64\debug\compilerforrust.tlog\link-rc.write.1.tlog
f:\rust_compiler\compilerforrust\compilerforrust\x64\debug\compilerforrust.tlog\link.command.1.tlog
f:\rust_compiler\compilerforrust\compilerforrust\x64\debug\compilerforrust.tlog\link.read.1.tlog
f:\rust_compiler\compilerforrust\compilerforrust\x64\debug\compilerforrust.tlog\link.write.1.tlog
